<?xml version="1.0" encoding="UTF-8"?>
<testng-results ignored="0" total="1" passed="1" failed="0" skipped="0">
  <reporter-output>
  </reporter-output>
  <suite started-at="2022-03-11T16:38:03 EET" name="Search Booking Suite" finished-at="2022-03-11T16:42:17 EET" duration-ms="253629">
    <groups>
    </groups>
    <test started-at="2022-03-11T16:38:03 EET" name="Test Search Booking" finished-at="2022-03-11T16:42:17 EET" duration-ms="253629">
      <class name="uitests.SearchBooking">
        <test-method is-config="true" signature="beforeTestMethod()[pri:0, instance:uitests.SearchBooking@6d60fe40]" started-at="2022-03-11T16:38:03 EET" name="beforeTestMethod" finished-at="2022-03-11T16:38:04 EET" duration-ms="1147" status="PASS">
          <reporter-output>
          </reporter-output>
        </test-method> <!-- beforeTestMethod -->
        <test-method is-config="true" signature="beforeMethodMethod(java.lang.String,java.lang.reflect.Method)[pri:0, instance:uitests.SearchBooking@6d60fe40]" started-at="2022-03-11T16:38:04 EET" name="beforeMethodMethod" finished-at="2022-03-11T16:39:35 EET" duration-ms="90730" status="PASS">
          <params>
            <param index="0">
              <value>
                <![CDATA[Chrome]]>
              </value>
            </param>
            <param index="1">
              <value>
                <![CDATA[public void uitests.SearchBooking.searchBooking() throws java.lang.InterruptedException]]>
              </value>
            </param>
          </params>
          <reporter-output>
          </reporter-output>
        </test-method> <!-- beforeMethodMethod -->
        <test-method signature="searchBooking()[pri:0, instance:uitests.SearchBooking@6d60fe40]" started-at="2022-03-11T16:39:35 EET" name="searchBooking" finished-at="2022-03-11T16:41:05 EET" duration-ms="89615" status="PASS">
          <reporter-output>
          </reporter-output>
        </test-method> <!-- searchBooking -->
        <test-method is-config="true" signature="afterMethodMethod(org.testng.ITestResult)[pri:0, instance:uitests.SearchBooking@6d60fe40]" started-at="2022-03-11T16:41:05 EET" name="afterMethodMethod" finished-at="2022-03-11T16:42:16 EET" duration-ms="70203" status="PASS">
          <params>
            <param index="0">
              <value>
                <![CDATA[[TestResult name=searchBooking status=SUCCESS method=SearchBooking.searchBooking()[pri:0, instance:uitests.SearchBooking@6d60fe40] output={null}]]]>
              </value>
            </param>
          </params>
          <reporter-output>
          </reporter-output>
        </test-method> <!-- afterMethodMethod -->
        <test-method is-config="true" signature="afterTestMethod()[pri:0, instance:uitests.SearchBooking@6d60fe40]" started-at="2022-03-11T16:42:16 EET" name="afterTestMethod" finished-at="2022-03-11T16:42:17 EET" duration-ms="1249" status="PASS">
          <reporter-output>
          </reporter-output>
        </test-method> <!-- afterTestMethod -->
      </class> <!-- uitests.SearchBooking -->
    </test> <!-- Test Search Booking -->
  </suite> <!-- Search Booking Suite -->
</testng-results>
